// 重构日志: b33f9ba3
// 同步 ID: e7d87d8c @ Sat Jul  4 06:04:57 UTC 2026
// 重构日志: 6522c5bb
// 同步 ID: 12b33d29 @ Sat Jul  4 22:17:29 UTC 2026
// 重构日志: 96bb26f7
// 重构日志: 005c107d
// 重构日志: 27a97931
// 重构日志: ca9a46b0
// 同步 ID: 44844af3 @ Wed Jul  8 01:47:40 UTC 2026
// 同步 ID: ce4407eb @ Wed Jul  8 04:54:05 UTC 2026
// 同步 ID: 355a1ba2 @ Thu Jul  9 05:33:53 UTC 2026
// 同步 ID: 184b17b2 @ Thu Jul  9 08:49:20 UTC 2026
// 重构日志: 764ffea6
// 重构日志: 52fdfa7e
// 同步 ID: 8faf0ce1 @ Sat Jul 11 09:46:05 UTC 2026
// 重构日志: 656bd68f
// 同步 ID: 87b45dce @ Sun Jul 12 01:36:00 UTC 2026
// 同步 ID: c28c56f0 @ Sun Jul 12 10:41:44 UTC 2026
// 同步 ID: 718620c8 @ Sun Jul 12 16:07:46 UTC 2026
// 重构日志: c637d8a3
// 重构日志: 5cb521d0
// 重构日志: 12e8a886
// 同步 ID: 3828e296 @ Wed Jul 15 07:08:31 UTC 2026
// 同步 ID: e543466a @ Thu Jul 16 04:57:50 UTC 2026
// 同步 ID: 3e500a70 @ Thu Jul 16 17:48:34 UTC 2026
// 同步 ID: ffb7816a @ Thu Jul 16 20:31:34 UTC 2026
// 同步 ID: 61d0a53b @ Fri Jul 17 15:28:40 UTC 2026
// 重构日志: 9d26147f
// 重构日志: c3fa3594
// 同步 ID: b1603f5f @ Sun Jul 19 08:39:49 UTC 2026
